<?xml version="1.0" encoding="UTF-8"?>
<testsuite xmlns:xsi="http://www.w3.org/2001/XMLSchema-instance" xsi:schemaLocation="https://maven.apache.org/surefire/maven-surefire-plugin/xsd/surefire-test-report.xsd" name="BookTest" time="0.141" tests="29" errors="0" skipped="0" failures="0">
  <properties>
[...]
</properties>
  <testcase name="testSetPublishingHouse{String, boolean}[1]" classname="BookTest" time="0.039"/>
  <testcase name="testSetPublishingHouse{String, boolean}[2]" classname="BookTest" time="0.001"/>
  <testcase name="testSetPublishingHouse{String, boolean}[3]" classname="BookTest" time="0.001"/>
  <testcase name="testSetPublishingHouse{String, boolean}[4]" classname="BookTest" time="0.002"/>
  <testcase name="testSetPublishingHouse{String, boolean}[5]" classname="BookTest" time="0"/>
  <testcase name="testSetPublishingHouse{String, boolean}[6]" classname="BookTest" time="0.001"/>
  <testcase name="testSetAuthor{String, boolean}[1]" classname="BookTest" time="0.001"/>
  <testcase name="testSetAuthor{String, boolean}[2]" classname="BookTest" time="0"/>
  <testcase name="testSetAuthor{String, boolean}[3]" classname="BookTest" time="0"/>
  <testcase name="testSetAuthor{String, boolean}[4]" classname="BookTest" time="0.005"/>
  <testcase name="testSetAuthor{String, boolean}[5]" classname="BookTest" time="0"/>
  <testcase name="testSetAuthor{String, boolean}[6]" classname="BookTest" time="0"/>
  <testcase name="testSetReleaseDate{String, boolean}[1]" classname="BookTest" time="0.001"/>
  <testcase name="testSetReleaseDate{String, boolean}[2]" classname="BookTest" time="0.001"/>
  <testcase name="testSetReleaseDate{String, boolean}[3]" classname="BookTest" time="0.001"/>
  <testcase name="testSetReleaseDate{String, boolean}[4]" classname="BookTest" time="0.001"/>
  <testcase name="testSetReleaseDate{String, boolean}[5]" classname="BookTest" time="0.001"/>
  <testcase name="testSetReleaseDate{String, boolean}[6]" classname="BookTest" time="0"/>
  <testcase name="testSetReleaseDate{String, boolean}[7]" classname="BookTest" time="0"/>
  <testcase name="testSetReleaseDate{String, boolean}[8]" classname="BookTest" time="0"/>
  <testcase name="testSetReleaseDate{String, boolean}[9]" classname="BookTest" time="0.001"/>
  <testcase name="testSetReleaseDate{String, boolean}[10]" classname="BookTest" time="0"/>
  <testcase name="testSetReleaseDate{String, boolean}[11]" classname="BookTest" time="0.001"/>
  <testcase name="testSetTitle{String, boolean}[1]" classname="BookTest" time="0"/>
  <testcase name="testSetTitle{String, boolean}[2]" classname="BookTest" time="0.001"/>
  <testcase name="testSetTitle{String, boolean}[3]" classname="BookTest" time="0.001"/>
  <testcase name="testSetTitle{String, boolean}[4]" classname="BookTest" time="0"/>
  <testcase name="testSetTitle{String, boolean}[5]" classname="BookTest" time="0.001"/>
  <testcase name="testSetTitle{String, boolean}[6]" classname="BookTest" time="0.001"/>
</testsuite>