<?xml version="1.0" encoding="UTF-8"?>
<testsuite xmlns:xsi="http://www.w3.org/2001/XMLSchema-instance" xsi:schemaLocation="https://maven.apache.org/surefire/maven-surefire-plugin/xsd/surefire-test-report.xsd" name="pl.polsl.librarycatalogsystem.tests.LibraryTest" time="0.054" tests="44" errors="0" skipped="0" failures="0">
  <properties>
[...]
</properties>
  <testcase name="testSearchByID{int, boolean}[1]" classname="pl.polsl.librarycatalogsystem.tests.LibraryTest" time="0.004"/>
  <testcase name="testSearchByID{int, boolean}[2]" classname="pl.polsl.librarycatalogsystem.tests.LibraryTest" time="0.001"/>
  <testcase name="testSearchByID{int, boolean}[3]" classname="pl.polsl.librarycatalogsystem.tests.LibraryTest" time="0"/>
  <testcase name="testSearchByID{int, boolean}[4]" classname="pl.polsl.librarycatalogsystem.tests.LibraryTest" time="0.001"/>
  <testcase name="testSearchByID{int, boolean}[5]" classname="pl.polsl.librarycatalogsystem.tests.LibraryTest" time="0.001"/>
  <testcase name="testSearchByID{int, boolean}[6]" classname="pl.polsl.librarycatalogsystem.tests.LibraryTest" time="0"/>
  <testcase name="testAddNewNullBook" classname="pl.polsl.librarycatalogsystem.tests.LibraryTest" time="0"/>
  <testcase name="testAddNewBook{ArgumentsAccessor}[1]" classname="pl.polsl.librarycatalogsystem.tests.LibraryTest" time="0.003"/>
  <testcase name="testAddNewBook{ArgumentsAccessor}[2]" classname="pl.polsl.librarycatalogsystem.tests.LibraryTest" time="0"/>
  <testcase name="testAddNewBook{ArgumentsAccessor}[3]" classname="pl.polsl.librarycatalogsystem.tests.LibraryTest" time="0"/>
  <testcase name="testDeleteNullBook" classname="pl.polsl.librarycatalogsystem.tests.LibraryTest" time="0"/>
  <testcase name="testFindLastId{ArgumentsAccessor}[1]" classname="pl.polsl.librarycatalogsystem.tests.LibraryTest" time="0.001"/>
  <testcase name="testFindLastId{ArgumentsAccessor}[2]" classname="pl.polsl.librarycatalogsystem.tests.LibraryTest" time="0.001"/>
  <testcase name="testFindLastId{ArgumentsAccessor}[3]" classname="pl.polsl.librarycatalogsystem.tests.LibraryTest" time="0.001"/>
  <testcase name="testSearchByTitle{String, int}[1]" classname="pl.polsl.librarycatalogsystem.tests.LibraryTest" time="0.001"/>
  <testcase name="testSearchByTitle{String, int}[2]" classname="pl.polsl.librarycatalogsystem.tests.LibraryTest" time="0.001"/>
  <testcase name="testSearchByTitle{String, int}[3]" classname="pl.polsl.librarycatalogsystem.tests.LibraryTest" time="0"/>
  <testcase name="testSearchByTitle{String, int}[4]" classname="pl.polsl.librarycatalogsystem.tests.LibraryTest" time="0"/>
  <testcase name="testSearchByTitle{String, int}[5]" classname="pl.polsl.librarycatalogsystem.tests.LibraryTest" time="0.001"/>
  <testcase name="testSearchByTitle{String, int}[6]" classname="pl.polsl.librarycatalogsystem.tests.LibraryTest" time="0"/>
  <testcase name="testSearchByTitle{String, int}[7]" classname="pl.polsl.librarycatalogsystem.tests.LibraryTest" time="0"/>
  <testcase name="testIncrementLastID{int}[1]" classname="pl.polsl.librarycatalogsystem.tests.LibraryTest" time="0"/>
  <testcase name="testIncrementLastID{int}[2]" classname="pl.polsl.librarycatalogsystem.tests.LibraryTest" time="0"/>
  <testcase name="testIncrementLastID{int}[3]" classname="pl.polsl.librarycatalogsystem.tests.LibraryTest" time="0"/>
  <testcase name="testIncrementLastID{int}[4]" classname="pl.polsl.librarycatalogsystem.tests.LibraryTest" time="0.001"/>
  <testcase name="testResetId" classname="pl.polsl.librarycatalogsystem.tests.LibraryTest" time="0.001"/>
  <testcase name="testDeleteNonExistingBook{int}[1]" classname="pl.polsl.librarycatalogsystem.tests.LibraryTest" time="0"/>
  <testcase name="testDeleteNonExistingBook{int}[2]" classname="pl.polsl.librarycatalogsystem.tests.LibraryTest" time="0"/>
  <testcase name="testDeleteNonExistingBook{int}[3]" classname="pl.polsl.librarycatalogsystem.tests.LibraryTest" time="0.001"/>
  <testcase name="testDeleteNonExistingBook{int}[4]" classname="pl.polsl.librarycatalogsystem.tests.LibraryTest" time="0"/>
  <testcase name="testDeleteBook{int}[1]" classname="pl.polsl.librarycatalogsystem.tests.LibraryTest" time="0.002"/>
  <testcase name="testDeleteBook{int}[2]" classname="pl.polsl.librarycatalogsystem.tests.LibraryTest" time="0"/>
  <testcase name="testDeleteBook{int}[3]" classname="pl.polsl.librarycatalogsystem.tests.LibraryTest" time="0"/>
  <testcase name="testGetBooksListReadOnly" classname="pl.polsl.librarycatalogsystem.tests.LibraryTest" time="0.001"/>
  <testcase name="testSearchByAuthor{String, int}[1]" classname="pl.polsl.librarycatalogsystem.tests.LibraryTest" time="0.001"/>
  <testcase name="testSearchByAuthor{String, int}[2]" classname="pl.polsl.librarycatalogsystem.tests.LibraryTest" time="0.001"/>
  <testcase name="testSearchByAuthor{String, int}[3]" classname="pl.polsl.librarycatalogsystem.tests.LibraryTest" time="0"/>
  <testcase name="testSearchByAuthor{String, int}[4]" classname="pl.polsl.librarycatalogsystem.tests.LibraryTest" time="0"/>
  <testcase name="testSearchByAuthor{String, int}[5]" classname="pl.polsl.librarycatalogsystem.tests.LibraryTest" time="0.001"/>
  <testcase name="testSearchByAuthor{String, int}[6]" classname="pl.polsl.librarycatalogsystem.tests.LibraryTest" time="0.001"/>
  <testcase name="testSearchByAuthor{String, int}[7]" classname="pl.polsl.librarycatalogsystem.tests.LibraryTest" time="0"/>
  <testcase name="testSearchByAuthor{String, int}[8]" classname="pl.polsl.librarycatalogsystem.tests.LibraryTest" time="0"/>
  <testcase name="testSearchByAuthor{String, int}[9]" classname="pl.polsl.librarycatalogsystem.tests.LibraryTest" time="0.001"/>
  <testcase name="testSearchByAuthor{String, int}[10]" classname="pl.polsl.librarycatalogsystem.tests.LibraryTest" time="0"/>
</testsuite>