<?xml version="1.0" encoding="UTF-8"?>
<testsuite xmlns:xsi="http://www.w3.org/2001/XMLSchema-instance" xsi:noNamespaceSchemaLocation="https://maven.apache.org/surefire/maven-surefire-plugin/xsd/surefire-test-report-3.0.xsd" version="3.0" name="tests.ValidatorTest" time="0.018" tests="16" errors="0" skipped="0" failures="0">
  <properties>
[...]
</properties>
  <testcase name="testValidateNullDate" classname="tests.ValidatorTest" time="0"/>
  <testcase name="testValidateNullText" classname="tests.ValidatorTest" time="0"/>
  <testcase name="testValidateDate{String, boolean}[1]" classname="tests.ValidatorTest" time="0"/>
  <testcase name="testValidateDate{String, boolean}[2]" classname="tests.ValidatorTest" time="0.001"/>
  <testcase name="testValidateDate{String, boolean}[3]" classname="tests.ValidatorTest" time="0.001"/>
  <testcase name="testValidateDate{String, boolean}[4]" classname="tests.ValidatorTest" time="0"/>
  <testcase name="testValidateDate{String, boolean}[5]" classname="tests.ValidatorTest" time="0"/>
  <testcase name="testValidateDate{String, boolean}[6]" classname="tests.ValidatorTest" time="0"/>
  <testcase name="testValidateDate{String, boolean}[7]" classname="tests.ValidatorTest" time="0"/>
  <testcase name="testValidateDate{String, boolean}[8]" classname="tests.ValidatorTest" time="0"/>
  <testcase name="testValidateText{String, boolean}[1]" classname="tests.ValidatorTest" time="0"/>
  <testcase name="testValidateText{String, boolean}[2]" classname="tests.ValidatorTest" time="0"/>
  <testcase name="testValidateText{String, boolean}[3]" classname="tests.ValidatorTest" time="0"/>
  <testcase name="testValidateText{String, boolean}[4]" classname="tests.ValidatorTest" time="0"/>
  <testcase name="testValidateText{String, boolean}[5]" classname="tests.ValidatorTest" time="0"/>
  <testcase name="testValidateText{String, boolean}[6]" classname="tests.ValidatorTest" time="0"/>
</testsuite>